{
  "RSpec": {
    "coverage": {
      "/mnt/c/code/lunchy/app/models/user.rb": {
        "lines": [
          1,
          1,
          null,
          1,
          null,
          1,
          null,
          null,
          null,
          1,
          null,
          null,
          1,
          null,
          1,
          0,
          null,
          null,
          1,
          1,
          1,
          null,
          null
        ]
      },
      "/mnt/c/code/lunchy/app/models/application_record.rb": {
        "lines": [
          1,
          1,
          null
        ]
      },
      "/mnt/c/code/lunchy/app/uploaders/avatar_uploader.rb": {
        "lines": [
          1,
          null,
          null,
          1,
          null,
          null,
          1,
          null,
          null,
          null,
          null,
          1,
          0,
          null,
          null,
          null,
          1,
          null,
          null,
          null,
          null,
          null,
          null,
          1,
          0,
          null,
          null,
          null,
          null,
          null,
          null,
          null,
          null,
          null,
          null,
          1,
          1,
          null,
          null,
          1,
          1,
          null,
          null,
          1,
          1,
          null,
          null,
          null,
          null,
          1,
          0,
          null,
          null,
          null,
          null,
          null,
          null,
          null,
          null
        ]
      },
      "/mnt/c/code/lunchy/app/helpers/application_helper.rb": {
        "lines": [
          1,
          null,
          1,
          1,
          0,
          0,
          0,
          null,
          null,
          null,
          null,
          0,
          0,
          0,
          0,
          null,
          null,
          null
        ]
      },
      "/mnt/c/code/lunchy/app/helpers/users_helper.rb": {
        "lines": [
          1,
          null
        ]
      },
      "/mnt/c/code/lunchy/app/helpers/categories_helper.rb": {
        "lines": [
          1,
          null
        ]
      },
      "/mnt/c/code/lunchy/app/helpers/menus_helper.rb": {
        "lines": [
          1,
          null
        ]
      },
      "/mnt/c/code/lunchy/app/helpers/orders_helper.rb": {
        "lines": [
          1,
          null,
          null,
          1,
          0,
          0,
          0,
          null,
          0,
          null,
          0,
          0,
          null,
          null,
          null,
          null,
          1,
          0,
          0,
          0,
          null,
          0,
          null,
          0,
          null,
          null,
          null,
          null
        ]
      },
      "/mnt/c/code/lunchy/app/helpers/searches_helper.rb": {
        "lines": [
          1,
          null
        ]
      },
      "/mnt/c/code/lunchy/app/helpers/static_pages_helper.rb": {
        "lines": [
          1,
          null
        ]
      },
      "/mnt/c/code/lunchy/app/helpers/victuals_helper.rb": {
        "lines": [
          1,
          null
        ]
      },
      "/mnt/c/code/lunchy/app/models/category_item.rb": {
        "lines": [
          1,
          1,
          1,
          null,
          1,
          1,
          1,
          null
        ]
      },
      "/mnt/c/code/lunchy/app/models/category.rb": {
        "lines": [
          1,
          29,
          null,
          1,
          1,
          null,
          1,
          null,
          2,
          2,
          2,
          null
        ]
      },
      "/mnt/c/code/lunchy/app/models/menu_item.rb": {
        "lines": [
          1,
          1,
          1,
          null,
          1,
          1,
          1,
          null
        ]
      },
      "/mnt/c/code/lunchy/app/models/menu.rb": {
        "lines": [
          1,
          null,
          31,
          null,
          1,
          1,
          1,
          1,
          null,
          null,
          12,
          null,
          1,
          1,
          null,
          null,
          1,
          0,
          0,
          null,
          null
        ]
      },
      "/mnt/c/code/lunchy/app/models/concerns/set_associations.rb": {
        "lines": [
          1,
          1,
          null,
          1,
          1,
          3,
          3,
          3,
          null,
          null,
          1,
          3,
          3,
          3,
          4,
          4,
          null,
          null,
          null,
          1,
          3,
          3,
          null,
          null,
          null
        ]
      },
      "/mnt/c/code/lunchy/app/models/victual.rb": {
        "lines": [
          1,
          1,
          1,
          null,
          1,
          1,
          null,
          null,
          null,
          null,
          1,
          null,
          1,
          1,
          null
        ]
      },
      "/mnt/c/code/lunchy/app/models/order_item.rb": {
        "lines": [
          1,
          1,
          1,
          null,
          1,
          1,
          1,
          null
        ]
      },
      "/mnt/c/code/lunchy/app/models/order.rb": {
        "lines": [
          1,
          28,
          null,
          1,
          1,
          null,
          1,
          1,
          1,
          null,
          1,
          1,
          1,
          null,
          1,
          13,
          null,
          1,
          1,
          null,
          null,
          1,
          0,
          0,
          null,
          null,
          null,
          null,
          null,
          null,
          null,
          null,
          null,
          0,
          0,
          0,
          null,
          null,
          null,
          1,
          1,
          1,
          null,
          null,
          null,
          1,
          1,
          null,
          null,
          null,
          1,
          1,
          null,
          null,
          1,
          1,
          null,
          null,
          1,
          null,
          1,
          4,
          null,
          null,
          null,
          1,
          9,
          9,
          1,
          null,
          null,
          null
        ]
      }
    },
    "timestamp": 1593935740
  }
}
